{"D:\\Documents\\myRepository\\ProjectTestIgor-Test-Task-3\\logic-backend\\server.js": {"path":"D:\\Documents\\myRepository\\ProjectTestIgor-Test-Task-3\\logic-backend\\server.js","statementMap":{"0":{"start":{"line":1,"column":0},"end":{"line":1,"column":27}},"1":{"start":{"line":2,"column":16},"end":{"line":2,"column":34}},"2":{"start":{"line":3,"column":13},"end":{"line":3,"column":28}},"3":{"start":{"line":4,"column":17},"end":{"line":4,"column":36}},"4":{"start":{"line":5,"column":13},"end":{"line":5,"column":37}},"5":{"start":{"line":6,"column":12},"end":{"line":6,"column":41}},"6":{"start":{"line":7,"column":15},"end":{"line":7,"column":32}},"7":{"start":{"line":8,"column":18},"end":{"line":8,"column":47}},"8":{"start":{"line":9,"column":15},"end":{"line":9,"column":32}},"9":{"start":{"line":10,"column":15},"end":{"line":10,"column":43}},"10":{"start":{"line":12,"column":19},"end":{"line":12,"column":43}},"11":{"start":{"line":14,"column":12},"end":{"line":14,"column":21}},"12":{"start":{"line":16,"column":0},"end":{"line":16,"column":24}},"13":{"start":{"line":17,"column":0},"end":{"line":17,"column":16}},"14":{"start":{"line":19,"column":0},"end":{"line":19,"column":49}},"15":{"start":{"line":20,"column":0},"end":{"line":23,"column":3}},"16":{"start":{"line":25,"column":0},"end":{"line":25,"column":33}},"17":{"start":{"line":27,"column":0},"end":{"line":54,"column":3}},"18":{"start":{"line":28,"column":2},"end":{"line":53,"column":3}},"19":{"start":{"line":29,"column":32},"end":{"line":29,"column":40}},"20":{"start":{"line":31,"column":4},"end":{"line":33,"column":5}},"21":{"start":{"line":32,"column":6},"end":{"line":32,"column":74}},"22":{"start":{"line":36,"column":25},"end":{"line":36,"column":54}},"23":{"start":{"line":37,"column":4},"end":{"line":39,"column":5}},"24":{"start":{"line":38,"column":6},"end":{"line":38,"column":70}},"25":{"start":{"line":42,"column":17},"end":{"line":42,"column":41}},"26":{"start":{"line":43,"column":27},"end":{"line":43,"column":60}},"27":{"start":{"line":46,"column":20},"end":{"line":46,"column":65}},"28":{"start":{"line":47,"column":4},"end":{"line":47,"column":25}},"29":{"start":{"line":49,"column":4},"end":{"line":49,"column":70}},"30":{"start":{"line":51,"column":4},"end":{"line":51,"column":48}},"31":{"start":{"line":52,"column":4},"end":{"line":52,"column":63}},"32":{"start":{"line":56,"column":0},"end":{"line":77,"column":3}},"33":{"start":{"line":57,"column":2},"end":{"line":76,"column":3}},"34":{"start":{"line":58,"column":32},"end":{"line":58,"column":40}},"35":{"start":{"line":61,"column":17},"end":{"line":61,"column":46}},"36":{"start":{"line":62,"column":4},"end":{"line":64,"column":5}},"37":{"start":{"line":63,"column":6},"end":{"line":63,"column":65}},"38":{"start":{"line":67,"column":20},"end":{"line":67,"column":65}},"39":{"start":{"line":68,"column":4},"end":{"line":70,"column":5}},"40":{"start":{"line":69,"column":6},"end":{"line":69,"column":70}},"41":{"start":{"line":72,"column":4},"end":{"line":72,"column":64}},"42":{"start":{"line":74,"column":4},"end":{"line":74,"column":41}},"43":{"start":{"line":75,"column":4},"end":{"line":75,"column":63}},"44":{"start":{"line":79,"column":0},"end":{"line":79,"column":27}},"45":{"start":{"line":82,"column":0},"end":{"line":90,"column":3}},"46":{"start":{"line":83,"column":2},"end":{"line":89,"column":3}},"47":{"start":{"line":84,"column":16},"end":{"line":84,"column":33}},"48":{"start":{"line":85,"column":4},"end":{"line":85,"column":21}},"49":{"start":{"line":86,"column":4},"end":{"line":86,"column":30}},"50":{"start":{"line":88,"column":4},"end":{"line":88,"column":60}},"51":{"start":{"line":93,"column":0},"end":{"line":101,"column":3}},"52":{"start":{"line":94,"column":18},"end":{"line":94,"column":27}},"53":{"start":{"line":95,"column":2},"end":{"line":100,"column":3}},"54":{"start":{"line":96,"column":17},"end":{"line":96,"column":40}},"55":{"start":{"line":97,"column":4},"end":{"line":97,"column":19}},"56":{"start":{"line":99,"column":4},"end":{"line":99,"column":61}},"57":{"start":{"line":104,"column":0},"end":{"line":111,"column":3}},"58":{"start":{"line":105,"column":2},"end":{"line":110,"column":3}},"59":{"start":{"line":106,"column":16},"end":{"line":106,"column":83}},"60":{"start":{"line":107,"column":4},"end":{"line":107,"column":18}},"61":{"start":{"line":109,"column":4},"end":{"line":109,"column":60}},"62":{"start":{"line":114,"column":0},"end":{"line":140,"column":3}},"63":{"start":{"line":115,"column":2},"end":{"line":115,"column":24}},"64":{"start":{"line":117,"column":81},"end":{"line":117,"column":89}},"65":{"start":{"line":118,"column":2},"end":{"line":120,"column":3}},"66":{"start":{"line":119,"column":4},"end":{"line":119,"column":84}},"67":{"start":{"line":122,"column":15},"end":{"line":122,"column":46}},"68":{"start":{"line":124,"column":2},"end":{"line":139,"column":3}},"69":{"start":{"line":125,"column":19},"end":{"line":134,"column":6}},"70":{"start":{"line":135,"column":4},"end":{"line":135,"column":24}},"71":{"start":{"line":136,"column":4},"end":{"line":136,"column":85}},"72":{"start":{"line":138,"column":4},"end":{"line":138,"column":67}},"73":{"start":{"line":142,"column":13},"end":{"line":142,"column":17}},"74":{"start":{"line":143,"column":0},"end":{"line":143,"column":70}},"75":{"start":{"line":143,"column":23},"end":{"line":143,"column":68}},"76":{"start":{"line":145,"column":0},"end":{"line":145,"column":21}}},"fnMap":{"0":{"name":"(anonymous_0)","decl":{"start":{"line":27,"column":31},"end":{"line":27,"column":32}},"loc":{"start":{"line":27,"column":51},"end":{"line":54,"column":1}},"line":27},"1":{"name":"(anonymous_1)","decl":{"start":{"line":56,"column":28},"end":{"line":56,"column":29}},"loc":{"start":{"line":56,"column":48},"end":{"line":77,"column":1}},"line":56},"2":{"name":"(anonymous_2)","decl":{"start":{"line":82,"column":14},"end":{"line":82,"column":15}},"loc":{"start":{"line":82,"column":34},"end":{"line":90,"column":1}},"line":82},"3":{"name":"(anonymous_3)","decl":{"start":{"line":93,"column":13},"end":{"line":93,"column":14}},"loc":{"start":{"line":93,"column":33},"end":{"line":101,"column":1}},"line":93},"4":{"name":"(anonymous_4)","decl":{"start":{"line":104,"column":18},"end":{"line":104,"column":19}},"loc":{"start":{"line":104,"column":38},"end":{"line":111,"column":1}},"line":104},"5":{"name":"(anonymous_5)","decl":{"start":{"line":114,"column":45},"end":{"line":114,"column":46}},"loc":{"start":{"line":114,"column":65},"end":{"line":140,"column":1}},"line":114},"6":{"name":"(anonymous_6)","decl":{"start":{"line":143,"column":17},"end":{"line":143,"column":18}},"loc":{"start":{"line":143,"column":23},"end":{"line":143,"column":68}},"line":143}},"branchMap":{"0":{"loc":{"start":{"line":31,"column":4},"end":{"line":33,"column":5}},"type":"if","locations":[{"start":{"line":31,"column":4},"end":{"line":33,"column":5}},{"start":{},"end":{}}],"line":31},"1":{"loc":{"start":{"line":31,"column":8},"end":{"line":31,"column":27}},"type":"binary-expr","locations":[{"start":{"line":31,"column":8},"end":{"line":31,"column":14}},{"start":{"line":31,"column":18},"end":{"line":31,"column":27}}],"line":31},"2":{"loc":{"start":{"line":37,"column":4},"end":{"line":39,"column":5}},"type":"if","locations":[{"start":{"line":37,"column":4},"end":{"line":39,"column":5}},{"start":{},"end":{}}],"line":37},"3":{"loc":{"start":{"line":62,"column":4},"end":{"line":64,"column":5}},"type":"if","locations":[{"start":{"line":62,"column":4},"end":{"line":64,"column":5}},{"start":{},"end":{}}],"line":62},"4":{"loc":{"start":{"line":68,"column":4},"end":{"line":70,"column":5}},"type":"if","locations":[{"start":{"line":68,"column":4},"end":{"line":70,"column":5}},{"start":{},"end":{}}],"line":68},"5":{"loc":{"start":{"line":118,"column":2},"end":{"line":120,"column":3}},"type":"if","locations":[{"start":{"line":118,"column":2},"end":{"line":120,"column":3}},{"start":{},"end":{}}],"line":118},"6":{"loc":{"start":{"line":118,"column":6},"end":{"line":118,"column":28}},"type":"binary-expr","locations":[{"start":{"line":118,"column":6},"end":{"line":118,"column":12}},{"start":{"line":118,"column":16},"end":{"line":118,"column":28}}],"line":118},"7":{"loc":{"start":{"line":122,"column":15},"end":{"line":122,"column":46}},"type":"cond-expr","locations":[{"start":{"line":122,"column":26},"end":{"line":122,"column":39}},{"start":{"line":122,"column":42},"end":{"line":122,"column":46}}],"line":122}},"s":{"0":1,"1":1,"2":1,"3":1,"4":1,"5":1,"6":1,"7":1,"8":1,"9":1,"10":1,"11":1,"12":1,"13":1,"14":1,"15":1,"16":1,"17":1,"18":0,"19":0,"20":0,"21":0,"22":0,"23":0,"24":0,"25":0,"26":0,"27":0,"28":0,"29":0,"30":0,"31":0,"32":1,"33":2,"34":2,"35":2,"36":2,"37":0,"38":2,"39":2,"40":1,"41":1,"42":0,"43":0,"44":1,"45":1,"46":0,"47":0,"48":0,"49":0,"50":0,"51":1,"52":0,"53":0,"54":0,"55":0,"56":0,"57":1,"58":0,"59":0,"60":0,"61":0,"62":1,"63":0,"64":0,"65":0,"66":0,"67":0,"68":0,"69":0,"70":0,"71":0,"72":0,"73":1,"74":1,"75":1,"76":1},"f":{"0":0,"1":2,"2":0,"3":0,"4":0,"5":0,"6":1},"b":{"0":[0,0],"1":[0,0],"2":[0,0],"3":[0,2],"4":[1,1],"5":[0,0],"6":[0,0],"7":[0,0]},"_coverageSchema":"1a1c01bbd47fc00a2c39e90264f33305004495a9","hash":"9f9dc6baa04493d3f5f87160b1e85d412ce5c222"}
,"D:\\Documents\\myRepository\\ProjectTestIgor-Test-Task-3\\logic-backend\\controllers\\bugController.js": {"path":"D:\\Documents\\myRepository\\ProjectTestIgor-Test-Task-3\\logic-backend\\controllers\\bugController.js","statementMap":{"0":{"start":{"line":1,"column":12},"end":{"line":1,"column":42}},"1":{"start":{"line":3,"column":0},"end":{"line":29,"column":2}},"2":{"start":{"line":4,"column":2},"end":{"line":28,"column":3}},"3":{"start":{"line":5,"column":83},"end":{"line":5,"column":91}},"4":{"start":{"line":7,"column":4},"end":{"line":9,"column":5}},"5":{"start":{"line":8,"column":6},"end":{"line":8,"column":86}},"6":{"start":{"line":11,"column":17},"end":{"line":11,"column":48}},"7":{"start":{"line":13,"column":19},"end":{"line":22,"column":6}},"8":{"start":{"line":24,"column":4},"end":{"line":24,"column":24}},"9":{"start":{"line":25,"column":4},"end":{"line":25,"column":85}},"10":{"start":{"line":27,"column":4},"end":{"line":27,"column":67}}},"fnMap":{"0":{"name":"(anonymous_0)","decl":{"start":{"line":3,"column":20},"end":{"line":3,"column":21}},"loc":{"start":{"line":3,"column":40},"end":{"line":29,"column":1}},"line":3}},"branchMap":{"0":{"loc":{"start":{"line":7,"column":4},"end":{"line":9,"column":5}},"type":"if","locations":[{"start":{"line":7,"column":4},"end":{"line":9,"column":5}},{"start":{},"end":{}}],"line":7},"1":{"loc":{"start":{"line":7,"column":8},"end":{"line":7,"column":30}},"type":"binary-expr","locations":[{"start":{"line":7,"column":8},"end":{"line":7,"column":14}},{"start":{"line":7,"column":18},"end":{"line":7,"column":30}}],"line":7},"2":{"loc":{"start":{"line":11,"column":17},"end":{"line":11,"column":48}},"type":"cond-expr","locations":[{"start":{"line":11,"column":28},"end":{"line":11,"column":41}},{"start":{"line":11,"column":44},"end":{"line":11,"column":48}}],"line":11}},"s":{"0":1,"1":1,"2":0,"3":0,"4":0,"5":0,"6":0,"7":0,"8":0,"9":0,"10":0},"f":{"0":0},"b":{"0":[0,0],"1":[0,0],"2":[0,0]},"_coverageSchema":"1a1c01bbd47fc00a2c39e90264f33305004495a9","hash":"7e5572ffba26aa2d2f7dbe96f852229b6098c444"}
,"D:\\Documents\\myRepository\\ProjectTestIgor-Test-Task-3\\logic-backend\\models\\BugSchema.js": {"path":"D:\\Documents\\myRepository\\ProjectTestIgor-Test-Task-3\\logic-backend\\models\\BugSchema.js","statementMap":{"0":{"start":{"line":1,"column":17},"end":{"line":1,"column":36}},"1":{"start":{"line":3,"column":18},"end":{"line":26,"column":2}},"2":{"start":{"line":28,"column":12},"end":{"line":28,"column":44}},"3":{"start":{"line":30,"column":0},"end":{"line":30,"column":21}}},"fnMap":{},"branchMap":{},"s":{"0":1,"1":1,"2":1,"3":1},"f":{},"b":{},"_coverageSchema":"1a1c01bbd47fc00a2c39e90264f33305004495a9","hash":"34ee15928cdcd18a9ad27b19b315e3800e87f80a"}
,"D:\\Documents\\myRepository\\ProjectTestIgor-Test-Task-3\\logic-backend\\models\\User.js": {"path":"D:\\Documents\\myRepository\\ProjectTestIgor-Test-Task-3\\logic-backend\\models\\User.js","statementMap":{"0":{"start":{"line":1,"column":17},"end":{"line":1,"column":36}},"1":{"start":{"line":3,"column":19},"end":{"line":14,"column":2}},"2":{"start":{"line":16,"column":13},"end":{"line":16,"column":47}},"3":{"start":{"line":18,"column":0},"end":{"line":18,"column":22}}},"fnMap":{},"branchMap":{},"s":{"0":1,"1":1,"2":1,"3":1},"f":{},"b":{},"_coverageSchema":"1a1c01bbd47fc00a2c39e90264f33305004495a9","hash":"2eb45ed2faf6581dcb1ee02bbdc01152fcb00436"}
,"D:\\Documents\\myRepository\\ProjectTestIgor-Test-Task-3\\logic-backend\\routes\\auth.js": {"path":"D:\\Documents\\myRepository\\ProjectTestIgor-Test-Task-3\\logic-backend\\routes\\auth.js","statementMap":{"0":{"start":{"line":1,"column":16},"end":{"line":1,"column":34}},"1":{"start":{"line":2,"column":15},"end":{"line":2,"column":32}},"2":{"start":{"line":3,"column":13},"end":{"line":3,"column":38}},"3":{"start":{"line":5,"column":15},"end":{"line":5,"column":31}},"4":{"start":{"line":7,"column":0},"end":{"line":35,"column":3}},"5":{"start":{"line":8,"column":4},"end":{"line":34,"column":5}},"6":{"start":{"line":9,"column":8},"end":{"line":9,"column":51}},"7":{"start":{"line":11,"column":36},"end":{"line":11,"column":44}},"8":{"start":{"line":12,"column":8},"end":{"line":14,"column":9}},"9":{"start":{"line":13,"column":12},"end":{"line":13,"column":88}},"10":{"start":{"line":16,"column":8},"end":{"line":16,"column":49}},"11":{"start":{"line":17,"column":29},"end":{"line":17,"column":58}},"12":{"start":{"line":18,"column":8},"end":{"line":20,"column":9}},"13":{"start":{"line":19,"column":12},"end":{"line":19,"column":76}},"14":{"start":{"line":22,"column":8},"end":{"line":22,"column":43}},"15":{"start":{"line":23,"column":21},"end":{"line":23,"column":45}},"16":{"start":{"line":24,"column":31},"end":{"line":24,"column":64}},"17":{"start":{"line":26,"column":8},"end":{"line":26,"column":44}},"18":{"start":{"line":27,"column":24},"end":{"line":27,"column":69}},"19":{"start":{"line":28,"column":8},"end":{"line":28,"column":29}},"20":{"start":{"line":30,"column":8},"end":{"line":30,"column":74}},"21":{"start":{"line":32,"column":8},"end":{"line":32,"column":52}},"22":{"start":{"line":33,"column":8},"end":{"line":33,"column":89}},"23":{"start":{"line":37,"column":0},"end":{"line":37,"column":24}}},"fnMap":{"0":{"name":"(anonymous_0)","decl":{"start":{"line":7,"column":25},"end":{"line":7,"column":26}},"loc":{"start":{"line":7,"column":45},"end":{"line":35,"column":1}},"line":7}},"branchMap":{"0":{"loc":{"start":{"line":12,"column":8},"end":{"line":14,"column":9}},"type":"if","locations":[{"start":{"line":12,"column":8},"end":{"line":14,"column":9}},{"start":{},"end":{}}],"line":12},"1":{"loc":{"start":{"line":12,"column":12},"end":{"line":12,"column":31}},"type":"binary-expr","locations":[{"start":{"line":12,"column":12},"end":{"line":12,"column":18}},{"start":{"line":12,"column":22},"end":{"line":12,"column":31}}],"line":12},"2":{"loc":{"start":{"line":18,"column":8},"end":{"line":20,"column":9}},"type":"if","locations":[{"start":{"line":18,"column":8},"end":{"line":20,"column":9}},{"start":{},"end":{}}],"line":18}},"s":{"0":1,"1":1,"2":1,"3":1,"4":1,"5":2,"6":2,"7":2,"8":2,"9":0,"10":2,"11":2,"12":2,"13":1,"14":1,"15":1,"16":1,"17":1,"18":1,"19":1,"20":1,"21":0,"22":0,"23":1},"f":{"0":2},"b":{"0":[0,2],"1":[2,2],"2":[1,1]},"_coverageSchema":"1a1c01bbd47fc00a2c39e90264f33305004495a9","hash":"9bda8f1c1f42dd668c0f440ea460ba1fb0736a03"}
,"D:\\Documents\\myRepository\\ProjectTestIgor-Test-Task-3\\logic-backend\\routes\\bugRoutes.js": {"path":"D:\\Documents\\myRepository\\ProjectTestIgor-Test-Task-3\\logic-backend\\routes\\bugRoutes.js","statementMap":{"0":{"start":{"line":1,"column":16},"end":{"line":1,"column":34}},"1":{"start":{"line":2,"column":15},"end":{"line":2,"column":31}},"2":{"start":{"line":3,"column":22},"end":{"line":3,"column":61}},"3":{"start":{"line":6,"column":0},"end":{"line":6,"column":32}},"4":{"start":{"line":8,"column":0},"end":{"line":8,"column":24}}},"fnMap":{},"branchMap":{},"s":{"0":1,"1":1,"2":1,"3":1,"4":1},"f":{},"b":{},"_coverageSchema":"1a1c01bbd47fc00a2c39e90264f33305004495a9","hash":"17a3a28be024654c39127c174a11039310359319"}
}
