{"D:\\Documents\\myRepository\\ProjectTestIgor-Test-Task-3\\logic-backend\\server.js": {"path":"D:\\Documents\\myRepository\\ProjectTestIgor-Test-Task-3\\logic-backend\\server.js","statementMap":{"0":{"start":{"line":1,"column":0},"end":{"line":1,"column":27}},"1":{"start":{"line":2,"column":16},"end":{"line":2,"column":34}},"2":{"start":{"line":3,"column":13},"end":{"line":3,"column":28}},"3":{"start":{"line":4,"column":17},"end":{"line":4,"column":36}},"4":{"start":{"line":5,"column":15},"end":{"line":5,"column":32}},"5":{"start":{"line":6,"column":12},"end":{"line":6,"column":35}},"6":{"start":{"line":7,"column":13},"end":{"line":7,"column":37}},"7":{"start":{"line":9,"column":12},"end":{"line":9,"column":21}},"8":{"start":{"line":11,"column":0},"end":{"line":11,"column":24}},"9":{"start":{"line":12,"column":0},"end":{"line":12,"column":16}},"10":{"start":{"line":14,"column":0},"end":{"line":17,"column":3}},"11":{"start":{"line":19,"column":0},"end":{"line":43,"column":3}},"12":{"start":{"line":20,"column":2},"end":{"line":42,"column":3}},"13":{"start":{"line":21,"column":32},"end":{"line":21,"column":40}},"14":{"start":{"line":23,"column":4},"end":{"line":25,"column":5}},"15":{"start":{"line":24,"column":6},"end":{"line":24,"column":74}},"16":{"start":{"line":27,"column":25},"end":{"line":27,"column":54}},"17":{"start":{"line":28,"column":4},"end":{"line":30,"column":5}},"18":{"start":{"line":29,"column":6},"end":{"line":29,"column":70}},"19":{"start":{"line":32,"column":17},"end":{"line":32,"column":41}},"20":{"start":{"line":33,"column":27},"end":{"line":33,"column":60}},"21":{"start":{"line":35,"column":20},"end":{"line":35,"column":65}},"22":{"start":{"line":36,"column":4},"end":{"line":36,"column":25}},"23":{"start":{"line":38,"column":4},"end":{"line":38,"column":70}},"24":{"start":{"line":40,"column":4},"end":{"line":40,"column":48}},"25":{"start":{"line":41,"column":4},"end":{"line":41,"column":63}},"26":{"start":{"line":45,"column":0},"end":{"line":75,"column":3}},"27":{"start":{"line":46,"column":2},"end":{"line":74,"column":3}},"28":{"start":{"line":47,"column":32},"end":{"line":47,"column":40}},"29":{"start":{"line":49,"column":4},"end":{"line":51,"column":5}},"30":{"start":{"line":50,"column":6},"end":{"line":50,"column":74}},"31":{"start":{"line":53,"column":17},"end":{"line":53,"column":46}},"32":{"start":{"line":54,"column":4},"end":{"line":56,"column":5}},"33":{"start":{"line":55,"column":6},"end":{"line":55,"column":65}},"34":{"start":{"line":58,"column":20},"end":{"line":58,"column":65}},"35":{"start":{"line":59,"column":4},"end":{"line":61,"column":5}},"36":{"start":{"line":60,"column":6},"end":{"line":60,"column":70}},"37":{"start":{"line":64,"column":18},"end":{"line":68,"column":5}},"38":{"start":{"line":70,"column":4},"end":{"line":70,"column":65}},"39":{"start":{"line":72,"column":4},"end":{"line":72,"column":41}},"40":{"start":{"line":73,"column":4},"end":{"line":73,"column":63}},"41":{"start":{"line":77,"column":13},"end":{"line":77,"column":17}},"42":{"start":{"line":78,"column":0},"end":{"line":78,"column":70}},"43":{"start":{"line":78,"column":23},"end":{"line":78,"column":68}},"44":{"start":{"line":80,"column":0},"end":{"line":80,"column":21}}},"fnMap":{"0":{"name":"(anonymous_0)","decl":{"start":{"line":19,"column":31},"end":{"line":19,"column":32}},"loc":{"start":{"line":19,"column":51},"end":{"line":43,"column":1}},"line":19},"1":{"name":"(anonymous_1)","decl":{"start":{"line":45,"column":28},"end":{"line":45,"column":29}},"loc":{"start":{"line":45,"column":48},"end":{"line":75,"column":1}},"line":45},"2":{"name":"(anonymous_2)","decl":{"start":{"line":78,"column":17},"end":{"line":78,"column":18}},"loc":{"start":{"line":78,"column":23},"end":{"line":78,"column":68}},"line":78}},"branchMap":{"0":{"loc":{"start":{"line":23,"column":4},"end":{"line":25,"column":5}},"type":"if","locations":[{"start":{"line":23,"column":4},"end":{"line":25,"column":5}},{"start":{},"end":{}}],"line":23},"1":{"loc":{"start":{"line":23,"column":8},"end":{"line":23,"column":27}},"type":"binary-expr","locations":[{"start":{"line":23,"column":8},"end":{"line":23,"column":14}},{"start":{"line":23,"column":18},"end":{"line":23,"column":27}}],"line":23},"2":{"loc":{"start":{"line":28,"column":4},"end":{"line":30,"column":5}},"type":"if","locations":[{"start":{"line":28,"column":4},"end":{"line":30,"column":5}},{"start":{},"end":{}}],"line":28},"3":{"loc":{"start":{"line":49,"column":4},"end":{"line":51,"column":5}},"type":"if","locations":[{"start":{"line":49,"column":4},"end":{"line":51,"column":5}},{"start":{},"end":{}}],"line":49},"4":{"loc":{"start":{"line":49,"column":8},"end":{"line":49,"column":27}},"type":"binary-expr","locations":[{"start":{"line":49,"column":8},"end":{"line":49,"column":14}},{"start":{"line":49,"column":18},"end":{"line":49,"column":27}}],"line":49},"5":{"loc":{"start":{"line":54,"column":4},"end":{"line":56,"column":5}},"type":"if","locations":[{"start":{"line":54,"column":4},"end":{"line":56,"column":5}},{"start":{},"end":{}}],"line":54},"6":{"loc":{"start":{"line":59,"column":4},"end":{"line":61,"column":5}},"type":"if","locations":[{"start":{"line":59,"column":4},"end":{"line":61,"column":5}},{"start":{},"end":{}}],"line":59}},"s":{"0":1,"1":1,"2":1,"3":1,"4":1,"5":1,"6":1,"7":1,"8":1,"9":1,"10":1,"11":1,"12":2,"13":2,"14":2,"15":0,"16":2,"17":2,"18":1,"19":1,"20":1,"21":1,"22":1,"23":1,"24":0,"25":0,"26":1,"27":6,"28":6,"29":6,"30":2,"31":4,"32":4,"33":1,"34":3,"35":3,"36":2,"37":1,"38":1,"39":0,"40":0,"41":1,"42":1,"43":1,"44":1},"f":{"0":2,"1":6,"2":1},"b":{"0":[0,2],"1":[2,2],"2":[1,1],"3":[2,4],"4":[6,5],"5":[1,3],"6":[2,1]},"_coverageSchema":"1a1c01bbd47fc00a2c39e90264f33305004495a9","hash":"cbd7796f0d24d8e892657ef42b945db53b3e74b5"}
,"D:\\Documents\\myRepository\\ProjectTestIgor-Test-Task-3\\logic-backend\\models\\User.js": {"path":"D:\\Documents\\myRepository\\ProjectTestIgor-Test-Task-3\\logic-backend\\models\\User.js","statementMap":{"0":{"start":{"line":1,"column":17},"end":{"line":1,"column":36}},"1":{"start":{"line":3,"column":19},"end":{"line":14,"column":2}},"2":{"start":{"line":16,"column":13},"end":{"line":16,"column":47}},"3":{"start":{"line":18,"column":0},"end":{"line":18,"column":22}}},"fnMap":{},"branchMap":{},"s":{"0":1,"1":1,"2":1,"3":1},"f":{},"b":{},"_coverageSchema":"1a1c01bbd47fc00a2c39e90264f33305004495a9","hash":"2eb45ed2faf6581dcb1ee02bbdc01152fcb00436"}
}
