TN:
SF:server.js
FN:19,(anonymous_0)
FN:45,(anonymous_1)
FN:78,(anonymous_2)
FNF:3
FNH:3
FNDA:2,(anonymous_0)
FNDA:6,(anonymous_1)
FNDA:1,(anonymous_2)
DA:1,1
DA:2,1
DA:3,1
DA:4,1
DA:5,1
DA:6,1
DA:7,1
DA:9,1
DA:11,1
DA:12,1
DA:14,1
DA:19,1
DA:20,2
DA:21,2
DA:23,2
DA:24,0
DA:27,2
DA:28,2
DA:29,1
DA:32,1
DA:33,1
DA:35,1
DA:36,1
DA:38,1
DA:40,0
DA:41,0
DA:45,1
DA:46,6
DA:47,6
DA:49,6
DA:50,2
DA:53,4
DA:54,4
DA:55,1
DA:58,3
DA:59,3
DA:60,2
DA:64,1
DA:70,1
DA:72,0
DA:73,0
DA:77,1
DA:78,1
DA:80,1
LF:44
LH:39
BRDA:23,0,0,0
BRDA:23,0,1,2
BRDA:23,1,0,2
BRDA:23,1,1,2
BRDA:28,2,0,1
BRDA:28,2,1,1
BRDA:49,3,0,2
BRDA:49,3,1,4
BRDA:49,4,0,6
BRDA:49,4,1,5
BRDA:54,5,0,1
BRDA:54,5,1,3
BRDA:59,6,0,2
BRDA:59,6,1,1
BRF:14
BRH:13
end_of_record
TN:
SF:models\User.js
FNF:0
FNH:0
DA:1,1
DA:3,1
DA:16,1
DA:18,1
LF:4
LH:4
BRF:0
BRH:0
end_of_record
